============================= test session starts =============================
platform win32 -- Python 3.13.5, pytest-9.0.2, pluggy-1.6.0 -- E:\CODING\2026\VibeCoding_Personal\AUtomated REsume Checker\venv\Scripts\python.exe
cachedir: .pytest_cache
rootdir: e:\CODING\2026\VibeCoding_Personal\AUtomated REsume Checker
plugins: anyio-4.12.1
collecting ... collected 5 items

tests/test_system.py::test_resume_parser_functionality 
DEBUG Resume Parsed: {'personal_info': {'name': 'Email', 'email': 'john@example.com', 'phone': None, 'linkedin': None}, 'skills': ['sql', 'docker', 'python', 'react'], 'work_experience': {'description': '', 'raw': ''}, 'education': {'description': '', 'details': {'degrees': [], 'gpa': None, 'graduation_year': None}}, 'projects': '', 'certifications': '', 'raw_text': '\n    JOHN DOE\n    Email: john@example.com\n    Skills: Python, React, SQL, Docker\n    Experience: 5 years at Google as a Senior Engineer.\n    Education: BS in Computer Science from MIT.\n    '}
PASSED
tests/test_system.py::test_jd_parser_functionality 
DEBUG JD Parsed: {'basic_info': {'job_title': 'Senior Python Developer', 'seniority': 'Senior', 'experience_required': '5.0+ years', 'job_type': [], 'salary_range': None}, 'skills': {'required': ['python', 'postgresql', 'django', 'kubernetes'], 'preferred': [], 'all_mentioned': ['python', 'postgresql', 'django', 'kubernetes']}, 'details': {'responsibilities': '', 'benefits': '', 'culture': []}, 'education': 'Not specifically mentioned', 'raw_text': '\n    Senior Python Developer\n    Requirements:\n    - 5+ years of experience in Python.\n    - Strong skills in Django and PostgreSQL.\n    - Experience with Kubernetes.\n    '}
PASSED
tests/test_system.py::test_matching_logic Loading weights:   0%|          | 0/103 [00:00<?, ?it/s]Loading weights:   1%|          | 1/103 [00:00<00:00, 12520.31it/s, Materializing param=embeddings.LayerNorm.bias]Loading weights:   1%|          | 1/103 [00:00<00:00, 4405.78it/s, Materializing param=embeddings.LayerNorm.bias] Loading weights:   2%|1         | 2/103 [00:00<00:00, 4559.03it/s, Materializing param=embeddings.LayerNorm.weight]Loading weights:   2%|1         | 2/103 [00:00<00:00, 3938.31it/s, Materializing param=embeddings.LayerNorm.weight]Loading weights:   3%|2         | 3/103 [00:00<00:00, 3374.34it/s, Materializing param=embeddings.position_embeddings.weight]Loading weights:   3%|2         | 3/103 [00:00<00:00, 2969.77it/s, Materializing param=embeddings.position_embeddings.weight]Loading weights:   4%|3         | 4/103 [00:00<00:00, 1778.57it/s, Materializing param=embeddings.token_type_embeddings.weight]Loading weights:   4%|3         | 4/103 [00:00<00:00, 1379.82it/s, Materializing param=embeddings.token_type_embeddings.weight]Loading weights:   5%|4         | 5/103 [00:00<00:00, 1571.37it/s, Materializing param=embeddings.word_embeddings.weight]      Loading weights:   5%|4         | 5/103 [00:00<00:00, 1528.31it/s, Materializing param=embeddings.word_embeddings.weight]Loading weights:   6%|5         | 6/103 [00:00<00:00, 1760.59it/s, Materializing param=encoder.layer.0.attention.output.LayerNorm.bias]Loading weights:   6%|5         | 6/103 [00:00<00:00, 1717.57it/s, Materializing param=encoder.layer.0.attention.output.LayerNorm.bias]Loading weights:   7%|6         | 7/103 [00:00<00:00, 1888.60it/s, Materializing param=encoder.layer.0.attention.output.LayerNorm.weight]Loading weights:   7%|6         | 7/103 [00:00<00:00, 1763.16it/s, Materializing param=encoder.layer.0.attention.output.LayerNorm.weight]Loading weights:   8%|7         | 8/103 [00:00<00:00, 1855.89it/s, Materializing param=encoder.layer.0.attention.output.dense.bias]      Loading weights:   8%|7         | 8/103 [00:00<00:00, 1821.23it/s, Materializing param=encoder.layer.0.attention.output.dense.bias]Loading weights:   9%|8         | 9/103 [00:00<00:00, 1995.18it/s, Materializing param=encoder.layer.0.attention.output.dense.weight]Loading weights:   9%|8         | 9/103 [00:00<00:00, 1857.62it/s, Materializing param=encoder.layer.0.attention.output.dense.weight]Loading weights:  10%|9         | 10/103 [00:00<00:00, 1972.40it/s, Materializing param=encoder.layer.0.attention.self.key.bias]     Loading weights:  10%|9         | 10/103 [00:00<00:00, 1937.77it/s, Materializing param=encoder.layer.0.attention.self.key.bias]Loading weights:  11%|#         | 11/103 [00:00<00:00, 2000.32it/s, Materializing param=encoder.layer.0.attention.self.key.weight]Loading weights:  11%|#         | 11/103 [00:00<00:00, 1976.16it/s, Materializing param=encoder.layer.0.attention.self.key.weight]Loading weights:  12%|#1        | 12/103 [00:00<00:00, 2053.18it/s, Materializing param=encoder.layer.0.attention.self.query.bias]Loading weights:  12%|#1        | 12/103 [00:00<00:00, 2030.57it/s, Materializing param=encoder.layer.0.attention.self.query.bias]Loading weights:  13%|#2        | 13/103 [00:00<00:00, 2002.94it/s, Materializing param=encoder.layer.0.attention.self.query.weight]Loading weights:  13%|#2        | 13/103 [00:00<00:00, 1975.72it/s, Materializing param=encoder.layer.0.attention.self.query.weight]Loading weights:  14%|#3        | 14/103 [00:00<00:00, 2078.74it/s, Materializing param=encoder.layer.0.attention.self.value.bias]  Loading weights:  14%|#3        | 14/103 [00:00<00:00, 1974.19it/s, Materializing param=encoder.layer.0.attention.self.value.bias]Loading weights:  15%|#4        | 15/103 [00:00<00:00, 2004.61it/s, Materializing param=encoder.layer.0.attention.self.value.weight]Loading weights:  15%|#4        | 15/103 [00:00<00:00, 1988.07it/s, Materializing param=encoder.layer.0.attention.self.value.weight]Loading weights:  16%|#5        | 16/103 [00:00<00:00, 2079.48it/s, Materializing param=encoder.layer.0.intermediate.dense.bias]    Loading weights:  16%|#5        | 16/103 [00:00<00:00, 2062.86it/s, Materializing param=encoder.layer.0.intermediate.dense.bias]Loading weights:  17%|#6        | 17/103 [00:00<00:00, 2148.98it/s, Materializing param=encoder.layer.0.intermediate.dense.weight]Loading weights:  17%|#6        | 17/103 [00:00<00:00, 2133.93it/s, Materializing param=encoder.layer.0.intermediate.dense.weight]Loading weights:  17%|#7        | 18/103 [00:00<00:00, 2177.79it/s, Materializing param=encoder.layer.0.output.LayerNorm.bias]    Loading weights:  17%|#7        | 18/103 [00:00<00:00, 2067.63it/s, Materializing param=encoder.layer.0.output.LayerNorm.bias]Loading weights:  18%|#8        | 19/103 [00:00<00:00, 2138.74it/s, Materializing param=encoder.layer.0.output.LayerNorm.weight]Loading weights:  18%|#8        | 19/103 [00:00<00:00, 2095.28it/s, Materializing param=encoder.layer.0.output.LayerNorm.weight]Loading weights:  19%|#9        | 20/103 [00:00<00:00, 2088.80it/s, Materializing param=encoder.layer.0.output.dense.bias]      Loading weights:  19%|#9        | 20/103 [00:00<00:00, 2072.75it/s, Materializing param=encoder.layer.0.output.dense.bias]Loading weights:  20%|##        | 21/103 [00:00<00:00, 2060.31it/s, Materializing param=encoder.layer.0.output.dense.weight]Loading weights:  20%|##        | 21/103 [00:00<00:00, 2016.77it/s, Materializing param=encoder.layer.0.output.dense.weight]Loading weights:  21%|##1       | 22/103 [00:00<00:00, 1953.90it/s, Materializing param=encoder.layer.1.attention.output.LayerNorm.bias]Loading weights:  21%|##1       | 22/103 [00:00<00:00, 1939.52it/s, Materializing param=encoder.layer.1.attention.output.LayerNorm.bias]Loading weights:  22%|##2       | 23/103 [00:00<00:00, 1967.99it/s, Materializing param=encoder.layer.1.attention.output.LayerNorm.weight]Loading weights:  22%|##2       | 23/103 [00:00<00:00, 1947.81it/s, Materializing param=encoder.layer.1.attention.output.LayerNorm.weight]Loading weights:  23%|##3       | 24/103 [00:00<00:00, 1910.74it/s, Materializing param=encoder.layer.1.attention.output.dense.bias]      Loading weights:  23%|##3       | 24/103 [00:00<00:00, 1897.27it/s, Materializing param=encoder.layer.1.attention.output.dense.bias]Loading weights:  24%|##4       | 25/103 [00:00<00:00, 1885.11it/s, Materializing param=encoder.layer.1.attention.output.dense.weight]Loading weights:  24%|##4       | 25/103 [00:00<00:00, 1866.69it/s, Materializing param=encoder.layer.1.attention.output.dense.weight]Loading weights:  25%|##5       | 26/103 [00:00<00:00, 1894.35it/s, Materializing param=encoder.layer.1.attention.self.key.bias]      Loading weights:  25%|##5       | 26/103 [00:00<00:00, 1870.02it/s, Materializing param=encoder.layer.1.attention.self.key.bias]Loading weights:  26%|##6       | 27/103 [00:00<00:00, 1820.97it/s, Materializing param=encoder.layer.1.attention.self.key.weight]Loading weights:  26%|##6       | 27/103 [00:00<00:00, 1759.57it/s, Materializing param=encoder.layer.1.attention.self.key.weight]Loading weights:  27%|##7       | 28/103 [00:00<00:00, 1759.67it/s, Materializing param=encoder.layer.1.attention.self.query.bias]Loading weights:  27%|##7       | 28/103 [00:00<00:00, 1748.54it/s, Materializing param=encoder.layer.1.attention.self.query.bias]Loading weights:  28%|##8       | 29/103 [00:00<00:00, 1774.52it/s, Materializing param=encoder.layer.1.attention.self.query.weight]Loading weights:  28%|##8       | 29/103 [00:00<00:00, 1747.38it/s, Materializing param=encoder.layer.1.attention.self.query.weight]Loading weights:  29%|##9       | 30/103 [00:00<00:00, 1789.25it/s, Materializing param=encoder.layer.1.attention.self.value.bias]  Loading weights:  29%|##9       | 30/103 [00:00<00:00, 1781.60it/s, Materializing param=encoder.layer.1.attention.self.value.bias]Loading weights:  30%|###       | 31/103 [00:00<00:00, 1820.67it/s, Materializing param=encoder.layer.1.attention.self.value.weight]Loading weights:  30%|###       | 31/103 [00:00<00:00, 1813.46it/s, Materializing param=encoder.layer.1.attention.self.value.weight]Loading weights:  31%|###1      | 32/103 [00:00<00:00, 1848.81it/s, Materializing param=encoder.layer.1.intermediate.dense.bias]    Loading weights:  31%|###1      | 32/103 [00:00<00:00, 1842.92it/s, Materializing param=encoder.layer.1.intermediate.dense.bias]Loading weights:  32%|###2      | 33/103 [00:00<00:00, 1885.47it/s, Materializing param=encoder.layer.1.intermediate.dense.weight]Loading weights:  32%|###2      | 33/103 [00:00<00:00, 1876.85it/s, Materializing param=encoder.layer.1.intermediate.dense.weight]Loading weights:  33%|###3      | 34/103 [00:00<00:00, 1919.25it/s, Materializing param=encoder.layer.1.output.LayerNorm.bias]    Loading weights:  33%|###3      | 34/103 [00:00<00:00, 1796.71it/s, Materializing param=encoder.layer.1.output.LayerNorm.bias]Loading weights:  34%|###3      | 35/103 [00:00<00:00, 1747.75it/s, Materializing param=encoder.layer.1.output.LayerNorm.weight]Loading weights:  34%|###3      | 35/103 [00:00<00:00, 1736.73it/s, Materializing param=encoder.layer.1.output.LayerNorm.weight]Loading weights:  35%|###4      | 36/103 [00:00<00:00, 1765.63it/s, Materializing param=encoder.layer.1.output.dense.bias]      Loading weights:  35%|###4      | 36/103 [00:00<00:00, 1759.62it/s, Materializing param=encoder.layer.1.output.dense.bias]Loading weights:  36%|###5      | 37/103 [00:00<00:00, 1745.07it/s, Materializing param=encoder.layer.1.output.dense.weight]Loading weights:  36%|###5      | 37/103 [00:00<00:00, 1736.83it/s, Materializing param=encoder.layer.1.output.dense.weight]Loading weights:  37%|###6      | 38/103 [00:00<00:00, 1700.05it/s, Materializing param=encoder.layer.2.attention.output.LayerNorm.bias]Loading weights:  37%|###6      | 38/103 [00:00<00:00, 1660.02it/s, Materializing param=encoder.layer.2.attention.output.LayerNorm.bias]Loading weights:  38%|###7      | 39/103 [00:00<00:00, 1686.30it/s, Materializing param=encoder.layer.2.attention.output.LayerNorm.weight]Loading weights:  38%|###7      | 39/103 [00:00<00:00, 1680.63it/s, Materializing param=encoder.layer.2.attention.output.LayerNorm.weight]Loading weights:  39%|###8      | 40/103 [00:00<00:00, 1701.32it/s, Materializing param=encoder.layer.2.attention.output.dense.bias]      Loading weights:  39%|###8      | 40/103 [00:00<00:00, 1646.50it/s, Materializing param=encoder.layer.2.attention.output.dense.bias]Loading weights:  40%|###9      | 41/103 [00:00<00:00, 1668.95it/s, Materializing param=encoder.layer.2.attention.output.dense.weight]Loading weights:  40%|###9      | 41/103 [00:00<00:00, 1654.92it/s, Materializing param=encoder.layer.2.attention.output.dense.weight]Loading weights:  41%|####      | 42/103 [00:00<00:00, 1681.57it/s, Materializing param=encoder.layer.2.attention.self.key.bias]      Loading weights:  41%|####      | 42/103 [00:00<00:00, 1673.63it/s, Materializing param=encoder.layer.2.attention.self.key.bias]Loading weights:  42%|####1     | 43/103 [00:00<00:00, 1698.02it/s, Materializing param=encoder.layer.2.attention.self.key.weight]Loading weights:  42%|####1     | 43/103 [00:00<00:00, 1694.52it/s, Materializing param=encoder.layer.2.attention.self.key.weight]Loading weights:  43%|####2     | 44/103 [00:00<00:00, 1728.52it/s, Materializing param=encoder.layer.2.attention.self.query.bias]Loading weights:  43%|####2     | 44/103 [00:00<00:00, 1725.73it/s, Materializing param=encoder.layer.2.attention.self.query.bias]Loading weights:  44%|####3     | 45/103 [00:00<00:00, 1759.59it/s, Materializing param=encoder.layer.2.attention.self.query.weight]Loading weights:  44%|####3     | 45/103 [00:00<00:00, 1756.74it/s, Materializing param=encoder.layer.2.attention.self.query.weight]Loading weights:  45%|####4     | 46/103 [00:00<00:00, 1790.62it/s, Materializing param=encoder.layer.2.attention.self.value.bias]  Loading weights:  45%|####4     | 46/103 [00:00<00:00, 1787.77it/s, Materializing param=encoder.layer.2.attention.self.value.bias]Loading weights:  46%|####5     | 47/103 [00:00<00:00, 1821.54it/s, Materializing param=encoder.layer.2.attention.self.value.weight]Loading weights:  46%|####5     | 47/103 [00:00<00:00, 1818.65it/s, Materializing param=encoder.layer.2.attention.self.value.weight]Loading weights:  47%|####6     | 48/103 [00:00<00:00, 1852.05it/s, Materializing param=encoder.layer.2.intermediate.dense.bias]    Loading weights:  47%|####6     | 48/103 [00:00<00:00, 1849.10it/s, Materializing param=encoder.layer.2.intermediate.dense.bias]Loading weights:  48%|####7     | 49/103 [00:00<00:00, 1882.23it/s, Materializing param=encoder.layer.2.intermediate.dense.weight]Loading weights:  48%|####7     | 49/103 [00:00<00:00, 1879.22it/s, Materializing param=encoder.layer.2.intermediate.dense.weight]Loading weights:  49%|####8     | 50/103 [00:00<00:00, 1912.20it/s, Materializing param=encoder.layer.2.output.LayerNorm.bias]    Loading weights:  49%|####8     | 50/103 [00:00<00:00, 1909.17it/s, Materializing param=encoder.layer.2.output.LayerNorm.bias]Loading weights:  50%|####9     | 51/103 [00:00<00:00, 1940.56it/s, Materializing param=encoder.layer.2.output.LayerNorm.weight]Loading weights:  50%|####9     | 51/103 [00:00<00:00, 1937.52it/s, Materializing param=encoder.layer.2.output.LayerNorm.weight]Loading weights:  50%|#####     | 52/103 [00:00<00:00, 1970.19it/s, Materializing param=encoder.layer.2.output.dense.bias]      Loading weights:  50%|#####     | 52/103 [00:00<00:00, 1967.03it/s, Materializing param=encoder.layer.2.output.dense.bias]Loading weights:  51%|#####1    | 53/103 [00:00<00:00, 1999.35it/s, Materializing param=encoder.layer.2.output.dense.weight]Loading weights:  51%|#####1    | 53/103 [00:00<00:00, 1996.23it/s, Materializing param=encoder.layer.2.output.dense.weight]Loading weights:  52%|#####2    | 54/103 [00:00<00:00, 2028.34it/s, Materializing param=encoder.layer.3.attention.output.LayerNorm.bias]Loading weights:  52%|#####2    | 54/103 [00:00<00:00, 2025.13it/s, Materializing param=encoder.layer.3.attention.output.LayerNorm.bias]Loading weights:  53%|#####3    | 55/103 [00:00<00:00, 2056.71it/s, Materializing param=encoder.layer.3.attention.output.LayerNorm.weight]Loading weights:  53%|#####3    | 55/103 [00:00<00:00, 2053.52it/s, Materializing param=encoder.layer.3.attention.output.LayerNorm.weight]Loading weights:  54%|#####4    | 56/103 [00:00<00:00, 2085.25it/s, Materializing param=encoder.layer.3.attention.output.dense.bias]      Loading weights:  54%|#####4    | 56/103 [00:00<00:00, 2082.15it/s, Materializing param=encoder.layer.3.attention.output.dense.bias]Loading weights:  55%|#####5    | 57/103 [00:00<00:00, 2113.26it/s, Materializing param=encoder.layer.3.attention.output.dense.weight]Loading weights:  55%|#####5    | 57/103 [00:00<00:00, 2108.90it/s, Materializing param=encoder.layer.3.attention.output.dense.weight]Loading weights:  56%|#####6    | 58/103 [00:00<00:00, 2139.63it/s, Materializing param=encoder.layer.3.attention.self.key.bias]      Loading weights:  56%|#####6    | 58/103 [00:00<00:00, 2136.40it/s, Materializing param=encoder.layer.3.attention.self.key.bias]Loading weights:  57%|#####7    | 59/103 [00:00<00:00, 2167.09it/s, Materializing param=encoder.layer.3.attention.self.key.weight]Loading weights:  57%|#####7    | 59/103 [00:00<00:00, 2163.73it/s, Materializing param=encoder.layer.3.attention.self.key.weight]Loading weights:  58%|#####8    | 60/103 [00:00<00:00, 2194.48it/s, Materializing param=encoder.layer.3.attention.self.query.bias]Loading weights:  58%|#####8    | 60/103 [00:00<00:00, 2191.19it/s, Materializing param=encoder.layer.3.attention.self.query.bias]Loading weights:  59%|#####9    | 61/103 [00:00<00:00, 2221.73it/s, Materializing param=encoder.layer.3.attention.self.query.weight]Loading weights:  59%|#####9    | 61/103 [00:00<00:00, 2218.38it/s, Materializing param=encoder.layer.3.attention.self.query.weight]Loading weights:  60%|######    | 62/103 [00:00<00:00, 2248.86it/s, Materializing param=encoder.layer.3.attention.self.value.bias]  Loading weights:  60%|######    | 62/103 [00:00<00:00, 2245.44it/s, Materializing param=encoder.layer.3.attention.self.value.bias]Loading weights:  61%|######1   | 63/103 [00:00<00:00, 2275.65it/s, Materializing param=encoder.layer.3.attention.self.value.weight]Loading weights:  61%|######1   | 63/103 [00:00<00:00, 2272.32it/s, Materializing param=encoder.layer.3.attention.self.value.weight]Loading weights:  62%|######2   | 64/103 [00:00<00:00, 2302.33it/s, Materializing param=encoder.layer.3.intermediate.dense.bias]    Loading weights:  62%|######2   | 64/103 [00:00<00:00, 2298.96it/s, Materializing param=encoder.layer.3.intermediate.dense.bias]Loading weights:  63%|######3   | 65/103 [00:00<00:00, 2328.88it/s, Materializing param=encoder.layer.3.intermediate.dense.weight]Loading weights:  63%|######3   | 65/103 [00:00<00:00, 2325.44it/s, Materializing param=encoder.layer.3.intermediate.dense.weight]Loading weights:  64%|######4   | 66/103 [00:00<00:00, 2355.29it/s, Materializing param=encoder.layer.3.output.LayerNorm.bias]    Loading weights:  64%|######4   | 66/103 [00:00<00:00, 2351.95it/s, Materializing param=encoder.layer.3.output.LayerNorm.bias]Loading weights:  65%|######5   | 67/103 [00:00<00:00, 2381.57it/s, Materializing param=encoder.layer.3.output.LayerNorm.weight]Loading weights:  65%|######5   | 67/103 [00:00<00:00, 2378.17it/s, Materializing param=encoder.layer.3.output.LayerNorm.weight]Loading weights:  66%|######6   | 68/103 [00:00<00:00, 2407.65it/s, Materializing param=encoder.layer.3.output.dense.bias]      Loading weights:  66%|######6   | 68/103 [00:00<00:00, 2404.28it/s, Materializing param=encoder.layer.3.output.dense.bias]Loading weights:  67%|######6   | 69/103 [00:00<00:00, 2433.71it/s, Materializing param=encoder.layer.3.output.dense.weight]Loading weights:  67%|######6   | 69/103 [00:00<00:00, 2430.28it/s, Materializing param=encoder.layer.3.output.dense.weight]Loading weights:  68%|######7   | 70/103 [00:00<00:00, 2459.43it/s, Materializing param=encoder.layer.4.attention.output.LayerNorm.bias]Loading weights:  68%|######7   | 70/103 [00:00<00:00, 2455.89it/s, Materializing param=encoder.layer.4.attention.output.LayerNorm.bias]Loading weights:  69%|######8   | 71/103 [00:00<00:00, 2484.42it/s, Materializing param=encoder.layer.4.attention.output.LayerNorm.weight]Loading weights:  69%|######8   | 71/103 [00:00<00:00, 2480.84it/s, Materializing param=encoder.layer.4.attention.output.LayerNorm.weight]Loading weights:  70%|######9   | 72/103 [00:00<00:00, 2509.37it/s, Materializing param=encoder.layer.4.attention.output.dense.bias]      Loading weights:  70%|######9   | 72/103 [00:00<00:00, 2505.56it/s, Materializing param=encoder.layer.4.attention.output.dense.bias]Loading weights:  71%|#######   | 73/103 [00:00<00:00, 2533.36it/s, Materializing param=encoder.layer.4.attention.output.dense.weight]Loading weights:  71%|#######   | 73/103 [00:00<00:00, 2529.59it/s, Materializing param=encoder.layer.4.attention.output.dense.weight]Loading weights:  72%|#######1  | 74/103 [00:00<00:00, 2557.78it/s, Materializing param=encoder.layer.4.attention.self.key.bias]      Loading weights:  72%|#######1  | 74/103 [00:00<00:00, 2554.20it/s, Materializing param=encoder.layer.4.attention.self.key.bias]Loading weights:  73%|#######2  | 75/103 [00:00<00:00, 2581.22it/s, Materializing param=encoder.layer.4.attention.self.key.weight]Loading weights:  73%|#######2  | 75/103 [00:00<00:00, 2577.45it/s, Materializing param=encoder.layer.4.attention.self.key.weight]Loading weights:  74%|#######3  | 76/103 [00:00<00:00, 2605.39it/s, Materializing param=encoder.layer.4.attention.self.query.bias]Loading weights:  74%|#######3  | 76/103 [00:00<00:00, 2601.84it/s, Materializing param=encoder.layer.4.attention.self.query.bias]Loading weights:  75%|#######4  | 77/103 [00:00<00:00, 2629.66it/s, Materializing param=encoder.layer.4.attention.self.query.weight]Loading weights:  75%|#######4  | 77/103 [00:00<00:00, 2626.02it/s, Materializing param=encoder.layer.4.attention.self.query.weight]Loading weights:  76%|#######5  | 78/103 [00:00<00:00, 2653.76it/s, Materializing param=encoder.layer.4.attention.self.value.bias]  Loading weights:  76%|#######5  | 78/103 [00:00<00:00, 2650.11it/s, Materializing param=encoder.layer.4.attention.self.value.bias]Loading weights:  77%|#######6  | 79/103 [00:00<00:00, 2677.34it/s, Materializing param=encoder.layer.4.attention.self.value.weight]Loading weights:  77%|#######6  | 79/103 [00:00<00:00, 2673.60it/s, Materializing param=encoder.layer.4.attention.self.value.weight]Loading weights:  78%|#######7  | 80/103 [00:00<00:00, 2700.60it/s, Materializing param=encoder.layer.4.intermediate.dense.bias]    Loading weights:  78%|#######7  | 80/103 [00:00<00:00, 2696.91it/s, Materializing param=encoder.layer.4.intermediate.dense.bias]Loading weights:  79%|#######8  | 81/103 [00:00<00:00, 2723.73it/s, Materializing param=encoder.layer.4.intermediate.dense.weight]Loading weights:  79%|#######8  | 81/103 [00:00<00:00, 2720.00it/s, Materializing param=encoder.layer.4.intermediate.dense.weight]Loading weights:  80%|#######9  | 82/103 [00:00<00:00, 2747.05it/s, Materializing param=encoder.layer.4.output.LayerNorm.bias]    Loading weights:  80%|#######9  | 82/103 [00:00<00:00, 2727.81it/s, Materializing param=encoder.layer.4.output.LayerNorm.bias]Loading weights:  81%|########  | 83/103 [00:00<00:00, 2744.38it/s, Materializing param=encoder.layer.4.output.LayerNorm.weight]Loading weights:  81%|########  | 83/103 [00:00<00:00, 2737.30it/s, Materializing param=encoder.layer.4.output.LayerNorm.weight]Loading weights:  82%|########1 | 84/103 [00:00<00:00, 2757.40it/s, Materializing param=encoder.layer.4.output.dense.bias]      Loading weights:  82%|########1 | 84/103 [00:00<00:00, 2752.30it/s, Materializing param=encoder.layer.4.output.dense.bias]Loading weights:  83%|########2 | 85/103 [00:00<00:00, 2775.52it/s, Materializing param=encoder.layer.4.output.dense.weight]Loading weights:  83%|########2 | 85/103 [00:00<00:00, 2770.11it/s, Materializing param=encoder.layer.4.output.dense.weight]Loading weights:  83%|########3 | 86/103 [00:00<00:00, 2788.21it/s, Materializing param=encoder.layer.5.attention.output.LayerNorm.bias]Loading weights:  83%|########3 | 86/103 [00:00<00:00, 2780.75it/s, Materializing param=encoder.layer.5.attention.output.LayerNorm.bias]Loading weights:  84%|########4 | 87/103 [00:00<00:00, 2796.63it/s, Materializing param=encoder.layer.5.attention.output.LayerNorm.weight]Loading weights:  84%|########4 | 87/103 [00:00<00:00, 2787.19it/s, Materializing param=encoder.layer.5.attention.output.LayerNorm.weight]Loading weights:  85%|########5 | 88/103 [00:00<00:00, 2805.77it/s, Materializing param=encoder.layer.5.attention.output.dense.bias]      Loading weights:  85%|########5 | 88/103 [00:00<00:00, 2799.51it/s, Materializing param=encoder.layer.5.attention.output.dense.bias]Loading weights:  86%|########6 | 89/103 [00:00<00:00, 2821.27it/s, Materializing param=encoder.layer.5.attention.output.dense.weight]Loading weights:  86%|########6 | 89/103 [00:00<00:00, 2816.12it/s, Materializing param=encoder.layer.5.attention.output.dense.weight]Loading weights:  87%|########7 | 90/103 [00:00<00:00, 2838.72it/s, Materializing param=encoder.layer.5.attention.self.key.bias]      Loading weights:  87%|########7 | 90/103 [00:00<00:00, 2833.73it/s, Materializing param=encoder.layer.5.attention.self.key.bias]Loading weights:  88%|########8 | 91/103 [00:00<00:00, 2854.70it/s, Materializing param=encoder.layer.5.attention.self.key.weight]Loading weights:  88%|########8 | 91/103 [00:00<00:00, 2849.88it/s, Materializing param=encoder.layer.5.attention.self.key.weight]Loading weights:  89%|########9 | 92/103 [00:00<00:00, 2871.55it/s, Materializing param=encoder.layer.5.attention.self.query.bias]Loading weights:  89%|########9 | 92/103 [00:00<00:00, 2866.64it/s, Materializing param=encoder.layer.5.attention.self.query.bias]Loading weights:  90%|######### | 93/103 [00:00<00:00, 2889.28it/s, Materializing param=encoder.layer.5.attention.self.query.weight]Loading weights:  90%|######### | 93/103 [00:00<00:00, 2884.30it/s, Materializing param=encoder.layer.5.attention.self.query.weight]Loading weights:  91%|#########1| 94/103 [00:00<00:00, 2906.63it/s, Materializing param=encoder.layer.5.attention.self.value.bias]  Loading weights:  91%|#########1| 94/103 [00:00<00:00, 2901.61it/s, Materializing param=encoder.layer.5.attention.self.value.bias]Loading weights:  92%|#########2| 95/103 [00:00<00:00, 2923.80it/s, Materializing param=encoder.layer.5.attention.self.value.weight]Loading weights:  92%|#########2| 95/103 [00:00<00:00, 2918.92it/s, Materializing param=encoder.layer.5.attention.self.value.weight]Loading weights:  93%|#########3| 96/103 [00:00<00:00, 2941.09it/s, Materializing param=encoder.layer.5.intermediate.dense.bias]    Loading weights:  93%|#########3| 96/103 [00:00<00:00, 2936.25it/s, Materializing param=encoder.layer.5.intermediate.dense.bias]Loading weights:  94%|#########4| 97/103 [00:00<00:00, 2956.74it/s, Materializing param=encoder.layer.5.intermediate.dense.weight]Loading weights:  94%|#########4| 97/103 [00:00<00:00, 2951.42it/s, Materializing param=encoder.layer.5.intermediate.dense.weight]Loading weights:  95%|#########5| 98/103 [00:00<00:00, 2973.20it/s, Materializing param=encoder.layer.5.output.LayerNorm.bias]    Loading weights:  95%|#########5| 98/103 [00:00<00:00, 2968.26it/s, Materializing param=encoder.layer.5.output.LayerNorm.bias]Loading weights:  96%|#########6| 99/103 [00:00<00:00, 2989.89it/s, Materializing param=encoder.layer.5.output.LayerNorm.weight]Loading weights:  96%|#########6| 99/103 [00:00<00:00, 2984.78it/s, Materializing param=encoder.layer.5.output.LayerNorm.weight]Loading weights:  97%|#########7| 100/103 [00:00<00:00, 3006.13it/s, Materializing param=encoder.layer.5.output.dense.bias]     Loading weights:  97%|#########7| 100/103 [00:00<00:00, 3000.88it/s, Materializing param=encoder.layer.5.output.dense.bias]Loading weights:  98%|#########8| 101/103 [00:00<00:00, 3021.79it/s, Materializing param=encoder.layer.5.output.dense.weight]Loading weights:  98%|#########8| 101/103 [00:00<00:00, 3016.82it/s, Materializing param=encoder.layer.5.output.dense.weight]Loading weights:  99%|#########9| 102/103 [00:00<00:00, 3039.74it/s, Materializing param=pooler.dense.bias]                  Loading weights:  99%|#########9| 102/103 [00:00<00:00, 3036.18it/s, Materializing param=pooler.dense.bias]Loading weights: 100%|##########| 103/103 [00:00<00:00, 3059.80it/s, Materializing param=pooler.dense.weight]Loading weights: 100%|##########| 103/103 [00:00<00:00, 3056.12it/s, Materializing param=pooler.dense.weight]Loading weights: 100%|##########| 103/103 [00:00<00:00, 3047.41it/s, Materializing param=pooler.dense.weight]
BertModel LOAD REPORT from: sentence-transformers/all-MiniLM-L6-v2
Key                     | Status     |  | 
------------------------+------------+--+-
embeddings.position_ids | UNEXPECTED |  | 

Notes:
- UNEXPECTED	:can be ignored when loading from different task/architecture; not ok if you expect identical arch.
PASSED
tests/test_system.py::test_bias_detection PASSED
tests/test_system.py::test_idempotent_sample_data_indices PASSED

============================== warnings summary ===============================
<frozen importlib._bootstrap>:488
  <frozen importlib._bootstrap>:488: DeprecationWarning: builtin type SwigPyPacked has no __module__ attribute

<frozen importlib._bootstrap>:488
  <frozen importlib._bootstrap>:488: DeprecationWarning: builtin type SwigPyObject has no __module__ attribute

<frozen importlib._bootstrap>:488
  <frozen importlib._bootstrap>:488: DeprecationWarning: builtin type swigvarlink has no __module__ attribute

-- Docs: https://docs.pytest.org/en/stable/how-to/capture-warnings.html
======================= 5 passed, 3 warnings in 22.26s ========================
